<?xml version="1.0" encoding="UTF-8"?>
<!-- Generated by org.testng.reporters.JUnitXMLReporter -->
<testsuite ignored="3" hostname="DESKTOP-O9K0S7S" failures="0" tests="1" name="Default test" time="6.674" errors="0" timestamp="17 Jun 2024 18:40:00 GMT">
  <testcase classname="com.opencart.testCases.AddressTest" name="verifyAddressTestByDeletingExisitngAddress" time="2.58"/>
  <testcase classname="com.opencart.testCases.AddressTest" name="verifyAddressTestWithValidDetails" time="0.0">
    <ignored/>
  </testcase> <!-- verifyAddressTestWithValidDetails -->
  <testcase classname="com.opencart.testCases.AddressTest" name="verifyAddressTestByDeletingNewAddress" time="0.0">
    <ignored/>
  </testcase> <!-- verifyAddressTestByDeletingNewAddress -->
  <testcase classname="com.opencart.testCases.AddressTest" name="verifyAddressTestByeditingExisitngAddress" time="0.0">
    <ignored/>
  </testcase> <!-- verifyAddressTestByeditingExisitngAddress -->
</testsuite> <!-- Default test -->
