<?xml version="1.0" encoding="UTF-8"?>
<testsuite xmlns:xsi="http://www.w3.org/2001/XMLSchema-instance" xsi:noNamespaceSchemaLocation="https://maven.apache.org/surefire/maven-surefire-plugin/xsd/surefire-test-report.xsd" name="TestSuite" time="68.867" tests="8" errors="0" skipped="0" failures="2">
  <properties>
[...]
</properties>
  <testcase name="verifyLoginTestWithInvalidDetails" classname="com.opencart.testCases.LoginTest" time="1.406"/>
  <testcase name="verifyLoginTestWithValidDetails" classname="com.opencart.testCases.LoginTest" time="1.613"/>
  <testcase name="verifyRegisterTestWithInvalidEmailDetails" classname="com.opencart.testCases.RegisterTest" time="2.107"/>
  <testcase name="verifyRegisterTestWithInvalidPasswordDetails" classname="com.opencart.testCases.RegisterTest" time="2.455"/>
  <testcase name="verifyRegisterTestWithValidDetails" classname="com.opencart.testCases.RegisterTest" time="3.213">
    <failure message="expected [Your Account Has Been Created!] but found [Register Account]" type="java.lang.AssertionError">java.lang.AssertionError: expected [Your Account Has Been Created!] but found [Register Account]
	at com.opencart.testCases.RegisterTest.verifyRegisterTestWithValidDetails(RegisterTest.java:39)
</failure>
    <system-out><![CDATA[ INFO [main] (TestBase.java:67)- end
 INFO [main] (TestBase.java:60)- Browser is launching
 INFO [main] (ListenersSetup.java:14)- onTestStart :- verifyRegisterTestWithValidDetails
 INFO [main] (RegisterTest.java:25)- navigate to Register Page 
 INFO [main] (RegisterTest.java:34)- user register successfully..
 INFO [main] (ListenersSetup.java:26)- onTestFailure :- verifyRegisterTestWithValidDetails
]]></system-out>
  </testcase>
  <testcase name="verifyAddressTestWithValidDetails" classname="com.opencart.testCases.AddressTest" time="4.48"/>
  <testcase name="verifyAddressTestByDeletingExisitngAddress" classname="com.opencart.testCases.AddressTest" time="22.573">
    <failure message="no such element: Unable to locate element: {&quot;method&quot;:&quot;xpath&quot;,&quot;selector&quot;:&quot;//div[@class=&apos;alert alert-success alert-dismissible&apos;]&quot;}&#10;  (Session info: chrome=125.0.6422.142)&#10;For documentation on this error, please visit: https://www.selenium.dev/documentation/webdriver/troubleshooting/errors#no-such-element-exception&#10;Build info: version: &apos;4.21.0&apos;, revision: &apos;79ed462ef4&apos;&#10;System info: os.name: &apos;Windows 10&apos;, os.arch: &apos;amd64&apos;, os.version: &apos;10.0&apos;, java.version: &apos;11.0.20&apos;&#10;Driver info: org.openqa.selenium.chrome.ChromeDriver&#10;Command: [a69499029245d4c233d2bcfe4e4ad75e, findElement {using=xpath, value=//div[@class=&apos;alert alert-success alert-dismissible&apos;]}]&#10;Capabilities {acceptInsecureCerts: false, browserName: chrome, browserVersion: 125.0.6422.142, chrome: {chromedriverVersion: 125.0.6422.141 (4b1e8393712..., userDataDir: C:\Users\Admin\AppData\Loca...}, fedcm:accounts: true, goog:chromeOptions: {debuggerAddress: localhost:62934}, networkConnectionEnabled: false, pageLoadStrategy: normal, platformName: windows, proxy: Proxy(), se:cdp: ws://localhost:62934/devtoo..., se:cdpVersion: 125.0.6422.142, setWindowRect: true, strictFileInteractability: false, timeouts: {implicit: 0, pageLoad: 300000, script: 30000}, unhandledPromptBehavior: dismiss and notify, webauthn:extension:credBlob: true, webauthn:extension:largeBlob: true, webauthn:extension:minPinLength: true, webauthn:extension:prf: true, webauthn:virtualAuthenticators: true}&#10;Session ID: a69499029245d4c233d2bcfe4e4ad75e" type="org.openqa.selenium.NoSuchElementException">org.openqa.selenium.NoSuchElementException: 
no such element: Unable to locate element: {"method":"xpath","selector":"//div[@class='alert alert-success alert-dismissible']"}
  (Session info: chrome=125.0.6422.142)
For documentation on this error, please visit: https://www.selenium.dev/documentation/webdriver/troubleshooting/errors#no-such-element-exception
Build info: version: '4.21.0', revision: '79ed462ef4'
System info: os.name: 'Windows 10', os.arch: 'amd64', os.version: '10.0', java.version: '11.0.20'
Driver info: org.openqa.selenium.chrome.ChromeDriver
Command: [a69499029245d4c233d2bcfe4e4ad75e, findElement {using=xpath, value=//div[@class='alert alert-success alert-dismissible']}]
Capabilities {acceptInsecureCerts: false, browserName: chrome, browserVersion: 125.0.6422.142, chrome: {chromedriverVersion: 125.0.6422.141 (4b1e8393712..., userDataDir: C:\Users\Admin\AppData\Loca...}, fedcm:accounts: true, goog:chromeOptions: {debuggerAddress: localhost:62934}, networkConnectionEnabled: false, pageLoadStrategy: normal, platformName: windows, proxy: Proxy(), se:cdp: ws://localhost:62934/devtoo..., se:cdpVersion: 125.0.6422.142, setWindowRect: true, strictFileInteractability: false, timeouts: {implicit: 0, pageLoad: 300000, script: 30000}, unhandledPromptBehavior: dismiss and notify, webauthn:extension:credBlob: true, webauthn:extension:largeBlob: true, webauthn:extension:minPinLength: true, webauthn:extension:prf: true, webauthn:virtualAuthenticators: true}
Session ID: a69499029245d4c233d2bcfe4e4ad75e
	at com.opencart.testCases.AddressTest.verifyAddressTestByDeletingExisitngAddress(AddressTest.java:66)
</failure>
    <system-out><![CDATA[ INFO [main] (TestBase.java:67)- end
 INFO [main] (TestBase.java:60)- Browser is launching
 INFO [main] (ListenersSetup.java:14)- onTestStart :- verifyAddressTestByDeletingExisitngAddress
 INFO [main] (ListenersSetup.java:26)- onTestFailure :- verifyAddressTestByDeletingExisitngAddress
]]></system-out>
  </testcase>
  <testcase name="verifyAddressTestByeditingExisitngAddress" classname="com.opencart.testCases.AddressTest" time="3.377"/>
</testsuite>